{
  "RSpec": {
    "coverage": {
      "/home/alhernandez01/Documents/Pernix-Projects/ac-portal/app/controllers/welcome_controller.rb": [
        1,
        1,
        null
      ],
      "/home/alhernandez01/Documents/Pernix-Projects/ac-portal/app/controllers/application_controller.rb": [
        1,
        null,
        1,
        0,
        0,
        0,
        0,
        null,
        0,
        null,
        null,
        null,
        null,
        null,
        null,
        null,
        null,
        null,
        null,
        null
      ],
      "/home/alhernandez01/Documents/Pernix-Projects/ac-portal/spec/models/admin_spec.rb": [
        1,
        null,
        1,
        1,
        2,
        null,
        null
      ],
      "/home/alhernandez01/Documents/Pernix-Projects/ac-portal/app/models/admin.rb": [
        1,
        1,
        1,
        1,
        null
      ],
      "/home/alhernandez01/Documents/Pernix-Projects/ac-portal/spec/models/checklist_spec.rb": [
        null,
        1,
        null,
        1,
        null,
        1,
        2,
        2,
        null,
        null
      ],
      "/home/alhernandez01/Documents/Pernix-Projects/ac-portal/app/models/checklist.rb": [
        null,
        1,
        1,
        null,
        1,
        null,
        1,
        null
      ],
      "/home/alhernandez01/Documents/Pernix-Projects/ac-portal/spec/models/company_spec.rb": [
        1,
        null,
        1,
        1,
        2,
        2,
        2,
        null,
        null
      ],
      "/home/alhernandez01/Documents/Pernix-Projects/ac-portal/app/models/company.rb": [
        1,
        1,
        1,
        1,
        null,
        1,
        1,
        null,
        1,
        1,
        1,
        1,
        null
      ],
      "/home/alhernandez01/Documents/Pernix-Projects/ac-portal/spec/models/mentor_spec.rb": [
        1,
        null,
        1,
        1,
        2,
        2,
        null,
        null
      ],
      "/home/alhernandez01/Documents/Pernix-Projects/ac-portal/app/models/mentor.rb": [
        1,
        1,
        1,
        1,
        1,
        null,
        null
      ],
      "/home/alhernandez01/Documents/Pernix-Projects/ac-portal/spec/models/phase_spec.rb": [
        null,
        1,
        null,
        1,
        1,
        2,
        2,
        null,
        null
      ],
      "/home/alhernandez01/Documents/Pernix-Projects/ac-portal/app/models/phase.rb": [
        null,
        1,
        null,
        1,
        1,
        null,
        1,
        null
      ],
      "/home/alhernandez01/Documents/Pernix-Projects/ac-portal/spec/models/task_spec.rb": [
        null,
        1,
        null,
        1,
        1,
        2,
        null,
        null
      ],
      "/home/alhernandez01/Documents/Pernix-Projects/ac-portal/app/models/task.rb": [
        null,
        1,
        1,
        null,
        1,
        null
      ],
      "/home/alhernandez01/Documents/Pernix-Projects/ac-portal/spec/models/user_spec.rb": [
        1,
        null,
        1,
        1,
        2,
        null,
        null
      ],
      "/home/alhernandez01/Documents/Pernix-Projects/ac-portal/app/models/tag.rb": [
        null,
        1,
        1,
        1,
        null
      ],
      "/home/alhernandez01/Documents/Pernix-Projects/ac-portal/app/models/time_tracking.rb": [
        1,
        1,
        1,
        null
      ],
      "/home/alhernandez01/Documents/Pernix-Projects/ac-portal/app/models/milestone.rb": [
        null,
        1,
        1,
        null
      ],
      "/home/alhernandez01/Documents/Pernix-Projects/ac-portal/app/models/message.rb": [
        null,
        1,
        1,
        null
      ]
    },
    "timestamp": 1537455302
  }
}
